<2020-07-04 09:00:13,469>--<test_01_register.py>--line:18--<INFO>--开始执行测试
<2020-07-04 09:00:14,304>--<test_01_register.py>--line:57--<INFO>--第 1 条用例通过
<2020-07-04 09:00:15,113>--<test_01_register.py>--line:57--<INFO>--第 2 条用例通过
<2020-07-04 09:00:15,912>--<test_01_register.py>--line:57--<INFO>--第 3 条用例通过
<2020-07-04 09:00:16,111>--<test_01_register.py>--line:57--<INFO>--第 4 条用例通过
<2020-07-04 09:00:16,561>--<test_01_register.py>--line:57--<INFO>--第 5 条用例通过
<2020-07-04 09:00:17,007>--<test_01_register.py>--line:57--<INFO>--第 6 条用例通过
<2020-07-04 09:00:17,459>--<test_01_register.py>--line:57--<INFO>--第 7 条用例通过
<2020-07-04 09:00:17,914>--<test_01_register.py>--line:57--<INFO>--第 8 条用例通过
<2020-07-04 09:00:18,371>--<test_01_register.py>--line:57--<INFO>--第 9 条用例通过
<2020-07-04 09:00:18,813>--<test_01_register.py>--line:57--<INFO>--第 10 条用例通过
<2020-07-04 09:00:19,259>--<test_01_register.py>--line:57--<INFO>--第 11 条用例通过
<2020-07-04 09:00:19,708>--<test_01_register.py>--line:57--<INFO>--第 12 条用例通过
<2020-07-04 09:00:20,169>--<test_01_register.py>--line:57--<INFO>--第 13 条用例通过
<2020-07-04 09:00:20,322>--<test_01_register.py>--line:57--<INFO>--第 14 条用例通过
<2020-07-04 09:00:21,049>--<test_01_register.py>--line:57--<INFO>--第 15 条用例通过
<2020-07-04 09:00:21,788>--<test_01_register.py>--line:57--<INFO>--第 16 条用例通过
<2020-07-04 09:00:22,527>--<test_01_register.py>--line:57--<INFO>--第 17 条用例通过
<2020-07-04 09:00:23,289>--<test_01_register.py>--line:57--<INFO>--第 18 条用例通过
<2020-07-04 09:00:24,042>--<test_01_register.py>--line:57--<INFO>--第 19 条用例通过
<2020-07-04 09:00:24,042>--<test_01_register.py>--line:22--<INFO>--测试执行完成
<2020-07-04 09:00:24,042>--<test_02_login.py>--line:18--<INFO>--开始执行测试
<2020-07-04 09:00:24,250>--<test_02_login.py>--line:47--<INFO>--第 1 条用例通过
<2020-07-04 09:00:24,457>--<test_02_login.py>--line:47--<INFO>--第 2 条用例通过
<2020-07-04 09:00:24,664>--<test_02_login.py>--line:47--<INFO>--第 3 条用例通过
<2020-07-04 09:00:24,815>--<test_02_login.py>--line:47--<INFO>--第 4 条用例通过
<2020-07-04 09:00:24,967>--<test_02_login.py>--line:47--<INFO>--第 5 条用例通过
<2020-07-04 09:00:25,118>--<test_02_login.py>--line:47--<INFO>--第 6 条用例通过
<2020-07-04 09:00:25,292>--<test_02_login.py>--line:47--<INFO>--第 7 条用例通过
<2020-07-04 09:00:25,441>--<test_02_login.py>--line:47--<INFO>--第 8 条用例通过
<2020-07-04 09:00:25,441>--<test_02_login.py>--line:22--<INFO>--测试执行完成
<2020-07-04 09:00:25,441>--<test_03_add.py>--line:19--<INFO>--开始执行测试
<2020-07-04 09:00:26,702>--<test_03_add.py>--line:66--<INFO>--第 1 条用例通过
<2020-07-04 09:00:27,938>--<test_03_add.py>--line:66--<INFO>--第 2 条用例通过
<2020-07-04 09:00:29,133>--<test_03_add.py>--line:66--<INFO>--第 3 条用例通过
<2020-07-04 09:00:30,342>--<test_03_add.py>--line:66--<INFO>--第 4 条用例通过
<2020-07-04 09:00:31,106>--<test_03_add.py>--line:66--<INFO>--第 5 条用例通过
<2020-07-04 09:00:32,136>--<test_03_add.py>--line:66--<INFO>--第 6 条用例通过
<2020-07-04 09:00:32,896>--<test_03_add.py>--line:66--<INFO>--第 7 条用例通过
<2020-07-04 09:00:33,660>--<test_03_add.py>--line:66--<INFO>--第 8 条用例通过
<2020-07-04 09:00:34,435>--<test_03_add.py>--line:66--<INFO>--第 9 条用例通过
<2020-07-04 09:00:35,208>--<test_03_add.py>--line:66--<INFO>--第 10 条用例通过
<2020-07-04 09:00:35,982>--<test_03_add.py>--line:66--<INFO>--第 11 条用例通过
<2020-07-04 09:00:36,741>--<test_03_add.py>--line:66--<INFO>--第 12 条用例通过
<2020-07-04 09:00:37,508>--<test_03_add.py>--line:66--<INFO>--第 13 条用例通过
<2020-07-04 09:00:38,260>--<test_03_add.py>--line:66--<INFO>--第 14 条用例通过
<2020-07-04 09:00:39,030>--<test_03_add.py>--line:66--<INFO>--第 15 条用例通过
<2020-07-04 09:00:39,781>--<test_03_add.py>--line:66--<INFO>--第 16 条用例通过
<2020-07-04 09:00:40,537>--<test_03_add.py>--line:66--<INFO>--第 17 条用例通过
<2020-07-04 09:00:41,292>--<test_03_add.py>--line:66--<INFO>--第 18 条用例通过
<2020-07-04 09:00:42,054>--<test_03_add.py>--line:66--<INFO>--第 19 条用例通过
<2020-07-04 09:00:42,822>--<test_03_add.py>--line:66--<INFO>--第 20 条用例通过
<2020-07-04 09:00:43,587>--<test_03_add.py>--line:66--<INFO>--第 21 条用例通过
<2020-07-04 09:00:44,347>--<test_03_add.py>--line:66--<INFO>--第 22 条用例通过
<2020-07-04 09:00:45,121>--<test_03_add.py>--line:66--<INFO>--第 23 条用例通过
<2020-07-04 09:00:45,788>--<test_03_add.py>--line:66--<INFO>--第 24 条用例通过
<2020-07-04 09:00:46,568>--<test_03_add.py>--line:66--<INFO>--第 25 条用例通过
<2020-07-04 09:00:46,568>--<test_03_add.py>--line:23--<INFO>--测试执行完毕
<2020-07-04 09:00:46,568>--<test_04_audit.py>--line:16--<INFO>--开始执行测试
<2020-07-04 09:00:47,378>--<test_04_audit.py>--line:56--<INFO>--第1条用例通过
<2020-07-04 09:00:48,162>--<test_04_audit.py>--line:56--<INFO>--第2条用例通过
<2020-07-04 09:00:48,402>--<test_04_audit.py>--line:56--<INFO>--第3条用例通过
<2020-07-04 09:00:48,888>--<test_04_audit.py>--line:56--<INFO>--第4条用例通过
<2020-07-04 09:00:50,273>--<test_04_audit.py>--line:56--<INFO>--第5条用例通过
<2020-07-04 09:00:51,453>--<test_04_audit.py>--line:56--<INFO>--第6条用例通过
<2020-07-04 09:00:52,436>--<test_04_audit.py>--line:56--<INFO>--第7条用例通过
<2020-07-04 09:00:53,460>--<test_04_audit.py>--line:56--<INFO>--第8条用例通过
<2020-07-04 09:00:54,604>--<test_04_audit.py>--line:56--<INFO>--第9条用例通过
<2020-07-04 09:00:55,513>--<test_04_audit.py>--line:56--<INFO>--第10条用例通过
<2020-07-04 09:00:55,513>--<test_04_audit.py>--line:20--<INFO>--测试执行完毕
<2020-07-04 09:00:55,513>--<test_05_recharge.py>--line:20--<INFO>--开始执行测试
<2020-07-04 09:00:56,699>--<test_05_recharge.py>--line:62--<INFO>--第 1 条用例通过
<2020-07-04 09:00:57,996>--<test_05_recharge.py>--line:62--<INFO>--第 2 条用例通过
<2020-07-04 09:00:59,252>--<test_05_recharge.py>--line:62--<INFO>--第 3 条用例通过
<2020-07-04 09:01:00,499>--<test_05_recharge.py>--line:62--<INFO>--第 4 条用例通过
<2020-07-04 09:01:01,769>--<test_05_recharge.py>--line:62--<INFO>--第 5 条用例通过
<2020-07-04 09:01:03,041>--<test_05_recharge.py>--line:62--<INFO>--第 6 条用例通过
<2020-07-04 09:01:04,673>--<test_05_recharge.py>--line:62--<INFO>--第 7 条用例通过
<2020-07-04 09:01:05,524>--<test_05_recharge.py>--line:62--<INFO>--第 8 条用例通过
<2020-07-04 09:01:06,320>--<test_05_recharge.py>--line:65--<ERROR>--第 9 条用例不通过
<2020-07-04 09:01:07,155>--<test_05_recharge.py>--line:65--<ERROR>--第 10 条用例不通过
<2020-07-04 09:01:07,943>--<test_05_recharge.py>--line:65--<ERROR>--第 11 条用例不通过
<2020-07-04 09:01:08,746>--<test_05_recharge.py>--line:62--<INFO>--第 12 条用例通过
<2020-07-04 09:01:09,549>--<test_05_recharge.py>--line:62--<INFO>--第 13 条用例通过
<2020-07-04 09:01:10,340>--<test_05_recharge.py>--line:62--<INFO>--第 14 条用例通过
<2020-07-04 09:01:11,144>--<test_05_recharge.py>--line:62--<INFO>--第 15 条用例通过
<2020-07-04 09:01:11,935>--<test_05_recharge.py>--line:62--<INFO>--第 16 条用例通过
<2020-07-04 09:01:12,716>--<test_05_recharge.py>--line:62--<INFO>--第 17 条用例通过
<2020-07-04 09:01:13,400>--<test_05_recharge.py>--line:62--<INFO>--第 18 条用例通过
<2020-07-04 09:01:14,171>--<test_05_recharge.py>--line:62--<INFO>--第 19 条用例通过
<2020-07-04 09:01:14,961>--<test_05_recharge.py>--line:62--<INFO>--第 20 条用例通过
<2020-07-04 09:01:14,962>--<test_05_recharge.py>--line:24--<INFO>--测试执行完毕
<2020-07-04 09:01:14,962>--<test_06_withdraw.py>--line:20--<INFO>--开始执行测试
<2020-07-04 09:01:16,543>--<test_06_withdraw.py>--line:69--<INFO>--第 1 条用例通过
<2020-07-04 09:01:18,175>--<test_06_withdraw.py>--line:69--<INFO>--第 2 条用例通过
<2020-07-04 09:01:20,301>--<test_06_withdraw.py>--line:69--<INFO>--第 3 条用例通过
<2020-07-04 09:01:21,948>--<test_06_withdraw.py>--line:69--<INFO>--第 4 条用例通过
<2020-07-04 09:01:23,556>--<test_06_withdraw.py>--line:69--<INFO>--第 5 条用例通过
<2020-07-04 09:01:25,212>--<test_06_withdraw.py>--line:69--<INFO>--第 6 条用例通过
<2020-07-04 09:01:26,823>--<test_06_withdraw.py>--line:69--<INFO>--第 7 条用例通过
<2020-07-04 09:01:27,661>--<test_06_withdraw.py>--line:69--<INFO>--第 8 条用例通过
<2020-07-04 09:01:28,460>--<test_06_withdraw.py>--line:72--<ERROR>--第 9 条用例不通过
<2020-07-04 09:01:29,259>--<test_06_withdraw.py>--line:72--<ERROR>--第 10 条用例不通过
<2020-07-04 09:01:30,052>--<test_06_withdraw.py>--line:72--<ERROR>--第 11 条用例不通过
<2020-07-04 09:01:30,834>--<test_06_withdraw.py>--line:69--<INFO>--第 12 条用例通过
<2020-07-04 09:01:31,629>--<test_06_withdraw.py>--line:69--<INFO>--第 13 条用例通过
<2020-07-04 09:01:32,426>--<test_06_withdraw.py>--line:69--<INFO>--第 14 条用例通过
<2020-07-04 09:01:33,250>--<test_06_withdraw.py>--line:69--<INFO>--第 15 条用例通过
<2020-07-04 09:01:34,032>--<test_06_withdraw.py>--line:69--<INFO>--第 16 条用例通过
<2020-07-04 09:01:34,815>--<test_06_withdraw.py>--line:69--<INFO>--第 17 条用例通过
<2020-07-04 09:01:35,514>--<test_06_withdraw.py>--line:69--<INFO>--第 18 条用例通过
<2020-07-04 09:01:36,361>--<test_06_withdraw.py>--line:69--<INFO>--第 19 条用例通过
<2020-07-04 09:01:37,129>--<test_06_withdraw.py>--line:69--<INFO>--第 20 条用例通过
<2020-07-04 09:01:38,491>--<test_06_withdraw.py>--line:69--<INFO>--第 21 条用例通过
<2020-07-04 09:01:38,491>--<test_06_withdraw.py>--line:24--<INFO>--测试执行完毕
<2020-07-04 09:01:38,491>--<test_07_invest.py>--line:25--<INFO>--开始执行测试
<2020-07-04 09:01:43,060>--<test_07_invest.py>--line:119--<INFO>--第 1 条用例通过
<2020-07-04 09:01:47,506>--<test_07_invest.py>--line:119--<INFO>--第 2 条用例通过
<2020-07-04 09:01:53,632>--<test_07_invest.py>--line:119--<INFO>--第 3 条用例通过
<2020-07-04 09:01:57,198>--<test_07_invest.py>--line:119--<INFO>--第 4 条用例通过
<2020-07-04 09:02:00,741>--<test_07_invest.py>--line:119--<INFO>--第 5 条用例通过
<2020-07-04 09:02:04,344>--<test_07_invest.py>--line:122--<ERROR>--第 6 条用例不通过
<2020-07-04 09:02:09,374>--<test_07_invest.py>--line:119--<INFO>--第 7 条用例通过
<2020-07-04 09:02:12,905>--<test_07_invest.py>--line:119--<INFO>--第 8 条用例通过
<2020-07-04 09:02:16,493>--<test_07_invest.py>--line:119--<INFO>--第 9 条用例通过
<2020-07-04 09:02:19,986>--<test_07_invest.py>--line:119--<INFO>--第 10 条用例通过
<2020-07-04 09:02:23,480>--<test_07_invest.py>--line:119--<INFO>--第 11 条用例通过
<2020-07-04 09:02:26,954>--<test_07_invest.py>--line:119--<INFO>--第 12 条用例通过
<2020-07-04 09:02:30,478>--<test_07_invest.py>--line:119--<INFO>--第 13 条用例通过
<2020-07-04 09:02:33,477>--<test_07_invest.py>--line:119--<INFO>--第 14 条用例通过
<2020-07-04 09:02:36,494>--<test_07_invest.py>--line:119--<INFO>--第 15 条用例通过
<2020-07-04 09:02:39,722>--<test_07_invest.py>--line:119--<INFO>--第 16 条用例通过
<2020-07-04 09:02:43,271>--<test_07_invest.py>--line:119--<INFO>--第 17 条用例通过
<2020-07-04 09:02:46,809>--<test_07_invest.py>--line:119--<INFO>--第 18 条用例通过
<2020-07-04 09:02:50,322>--<test_07_invest.py>--line:119--<INFO>--第 19 条用例通过
<2020-07-04 09:02:53,893>--<test_07_invest.py>--line:119--<INFO>--第 20 条用例通过
<2020-07-04 09:02:57,452>--<test_07_invest.py>--line:119--<INFO>--第 21 条用例通过
<2020-07-04 09:03:01,257>--<test_07_invest.py>--line:119--<INFO>--第 22 条用例通过
<2020-07-04 09:03:04,632>--<test_07_invest.py>--line:119--<INFO>--第 23 条用例通过
<2020-07-04 09:03:04,866>--<test_07_invest.py>--line:29--<INFO>--测试执行完毕
